
[17-сентября-2023]-[10-33-56] Server started
Server awaiting connections...
[17-сентября-2023]-[10-40-12] Server started
Server awaiting connections...
[17-сентября-2023]-[10-40-12]Connection from Socket[addr=/192.168.1.82,port=6821,localport=8080]
[17-сентября-2023]-[10-40-26] trololo connected to server
[17-сентября-2023]-[11-31-40] Server started
Server awaiting connections...
[17-сентября-2023]-[11-31-40]Connection from Socket[addr=/127.0.0.1,port=7699,localport=8080]
[17-сентября-2023]-[11-37-03] Server started
Server awaiting connections...
[17-сентября-2023]-[17-07-44]Message sent from the socket was: Hello everyone
[17-сентября-2023]-[17-10-39]Message sent from the socket was: qwerty hello gays
[17-сентября-2023]-[17-13-35]Message sent from the socket was: 17:13:40 HYI: hello world
[17-сентября-2023]-[17-15-27]Message sent from the socket was: (17:15:31) HOHO: hello guys 123

[17-сентября-2023]-[17-15-27]Message sent from the socket was: (17:15:41) HOHO: 545руб

[17-сентября-2023]-[17-17-39]Message sent from the socket was: (17:17:42) hello: 123

[18-сентября-2023]-[18-00-59]Message sent from the socket was: (18:01:13) trololo: hi

[20-сентября-2023]-[15-44-02]Message sent from the socket was: (15:44:10) rololo: gdfgd

[20-сентября-2023]-[15-44-02]Message sent from the socket was: (15:44:12) rololo: hfghfh
